<?xml version="1.0" encoding="UTF-8"?>
<testsuite name="com.dummytesting.MoodAnalyzerTest" tests="2" skipped="0" failures="0" errors="0" timestamp="2020-09-29T13:41:17" hostname="LAPTOP-RGI87V6B" time="0.005">
  <properties/>
  <testcase name="givenMessage_WhenSad_ShouldReturnSad" classname="com.dummytesting.MoodAnalyzerTest" time="0.004"/>
  <testcase name="givenMessage_WhenNotSad_ShouldReturnHappy" classname="com.dummytesting.MoodAnalyzerTest" time="0.0"/>
  <system-out><![CDATA[]]></system-out>
  <system-err><![CDATA[]]></system-err>
</testsuite>
