<?xml version="1.0" encoding="UTF-8"?>
<testsuite name="com.dummytesting.MoodAnalyzerTest" tests="1" skipped="0" failures="0" errors="0" timestamp="2020-09-30T13:55:05" hostname="LAPTOP-RGI87V6B" time="0.004">
  <properties/>
  <testcase name="givenMessage_WhenNotSad_ShouldReturnHappy" classname="com.dummytesting.MoodAnalyzerTest" time="0.004"/>
  <system-out><![CDATA[]]></system-out>
  <system-err><![CDATA[]]></system-err>
</testsuite>
