<?xml version="1.0" encoding="UTF-8"?>
<testsuite name="com.dummytesting.MoodAnalyzerTest" tests="1" skipped="0" failures="0" errors="0" timestamp="2020-09-30T14:02:18" hostname="LAPTOP-RGI87V6B" time="0.006">
  <properties/>
  <testcase name="givenMessage_WhenNull_ShouldReturnHappy" classname="com.dummytesting.MoodAnalyzerTest" time="0.006"/>
  <system-out><![CDATA[In catch block
]]></system-out>
  <system-err><![CDATA[]]></system-err>
</testsuite>
